<?xml version="1.0" encoding="UTF-8"?>
<!-- Generated by org.testng.reporters.JUnitReportReporter -->
<testsuite hostname="Mohammeds-MacBook-Pro.local" failures="0" tests="1" name="variousConcepts.LearnTestNG" time="52.728" errors="0" timestamp="2022-10-15T00:43:38 EDT" skipped="0">
  <testcase classname="variousConcepts.LearnTestNG" name="addCustomer" time="52.728"/>
  <system-out/>
</testsuite> <!-- variousConcepts.LearnTestNG -->
